# Redirect Validation Utility - Completion Log
This file tracks the progress and completion status of each step in the implementation.

## Completion Table

| ID | Step | Task | Status | Completion Date | Notes |
|----|------|------|--------|----------------|-------|
| C001 | Step 1: Planning | Create detailed plan document | ✅ | 2023-03-20 | Created `scripts/redirect-validation-plan.md` |
| C002 | Step 1: Planning | Select programming language | ✅ | 2023-03-20 | Selected TypeScript |
| C003 | Step 1: Planning | Determine execution environment | ✅ | 2023-03-20 | Selected Node.js with ts-node |
| C004 | Step 1: Planning | Choose HTTP client | ✅ | 2023-03-20 | Selected built-in fetch API (updated to undici) |
| C005 | Step 1: Planning | Design file structure | ✅ | 2023-03-20 | Created modular structure design |
| C006 | Step 1: Planning | Select orchestration method | ✅ | 2023-03-20 | Selected Makefile for task running |
| C007 | Step 2: Parsing | Create types definitions | ✅ | 2023-03-20 | Created comprehensive type definitions in scripts/types.ts |
| C008 | Step 2: Parsing | Implement vercel.json parser | ✅ | 2023-03-20 | Created parser module in scripts/utils/parser.ts |
| C009 | Step 2: Parsing | Create path parameter utilities | ✅ | 2023-03-20 | Implemented path parameter extraction and matching functions |
| C010 | Step 2: Parsing | Implement main script entry point | ✅ | 2023-03-20 | Created scripts/redirect-validator.ts with basic functionality |
| C011 | Step 2: Parsing | Update Makefile | ✅ | 2023-03-20 | Added validate-redirects command to Makefile |
| C012 | Step 2: Parsing | Test parsing functionality | ✅ | 2023-03-20 | Successfully tested basic parsing and summary generation |
| C013 | Project Structure | Create nested directory structure | ✅ | 2023-03-20 | Created scripts/redirect-validator directory |
| C014 | Project Structure | Move files to new structure | ✅ | 2023-03-20 | Moved all redirect validator files to scripts/redirect-validator |
| C015 | Project Structure | Update file paths | ✅ | 2023-03-20 | Updated import paths and Makefile to reflect the new structure | 
| C016 | Step 3: Chain Building | Implement chain builder utility | ✅ | 2023-03-21 | Created scripts/redirect-validator/utils/chain-builder.ts |
| C017 | Step 3: Chain Building | Add circular reference detection | ✅ | 2023-03-21 | Implemented logic to identify circular references in redirect chains |
| C018 | Step 3: Chain Building | Implement parameter resolution | ✅ | 2023-03-21 | Created functions to handle path parameters in redirect chains |
| C019 | Step 3: Validation | Implement validation utility | ✅ | 2023-03-21 | Created scripts/redirect-validator/utils/validator.ts |
| C020 | Step 3: Validation | Add destination checking | ✅ | 2023-03-21 | Implemented optional validation of final destinations |
| C021 | Step 3: Validation | Create status classification | ✅ | 2023-03-21 | Implemented valid/warning/invalid classification system |
| C022 | Step 3: Reporting | Implement reporting utility | ✅ | 2023-03-21 | Created scripts/redirect-validator/utils/reporter.ts |
| C023 | Step 3: Reporting | Add console summary output | ✅ | 2023-03-21 | Implemented console-friendly summary with statistics |
| C024 | Step 3: Reporting | Add Markdown report generation | ✅ | 2023-03-21 | Created functions to generate detailed Markdown reports |
| C025 | Step 3: Integration | Update main script | ✅ | 2023-03-21 | Enhanced redirect-validator.ts to use all new utilities |
| C026 | Step 3: Integration | Add error handling and exit codes | ✅ | 2023-03-21 | Implemented proper error handling and exit codes for CI/CD integration | 
| C027 | Step 3: Dependencies | Create package.json | ✅ | 2023-03-21 | Created dedicated package.json for the redirect-validator directory |
| C028 | Step 3: Dependencies | Configure TypeScript | ✅ | 2023-03-21 | Added tsconfig.json with appropriate settings for the redirect validator |
| C029 | Step 3: Dependencies | Install required packages | ✅ | 2023-03-21 | Installed undici for fetch API and @types/node for type definitions |
| C030 | Step 3: Cleanup | Remove redundant files | ✅ | 2023-03-21 | Removed redundant files at the top level that were duplicated in the nested structure |
| C031 | Step 3: Cleanup | Simplify directory structure | ✅ | 2023-03-21 | Removed wrapper script to simplify the directory structure |
| C032 | Step 3: Cleanup | Update Makefile | ✅ | 2023-03-21 | Updated Makefile to point directly to the implementation |
| C033 | Step 3: Configuration | Add command-line arguments | ✅ | 2023-03-21 | Implemented command-line argument parsing for configuration |
| C034 | Step 3: Configuration | Update Makefile for configuration | ✅ | 2023-03-21 | Enhanced Makefile to pass arguments using Make variables | 