# OpenAPI to API Endpoints - Completion Log

This file tracks the progress and completion status of each step in the API Endpoint generator implementation.

## Completion Table

| ID | Phase | Task | Status | Completion Date | Notes |
|----|------|------|--------|----------------|-------|
| E001 | Phase 1 | Create feature documentation | ✅ | 2023-03-28 | Created openapi-to-api-endpoints.md with detailed plan |
| E002 | Phase 1 | Create completion and decision logs | ✅ | 2023-03-28 | Created api-endpoints-completed.log and api-endpoints-decisions.log |
| E003 | Phase 1 | Update main project plan | ✅ | 2023-03-28 | Updated openapi-gen-plan.md to include new feature |
| E004 | Phase 1 | Create directory structure | ✅ | 2023-03-28 | Added endpoint-parser directory with necessary files |
| E005 | Phase 1 | Define ApiEndpoint types | ✅ | 2023-03-28 | Created types.ts with ApiEndpoint and related interfaces |
| E006 | Phase 1 | Implement string utilities | ✅ | 2023-03-28 | Created string-utils.ts for name transformations |
| E007 | Phase 2 | Implement basic parser structure | ✅ | 2023-03-28 | Created parser.ts with version matching logic |
| E008 | Phase 2 | Implement formatter | ✅ | 2023-03-28 | Created formatter.ts for JSON and TypeScript output |
| E009 | Phase 2 | Create module exports | ✅ | 2023-03-28 | Created index.ts to export all modules |
| E010 | Phase 2 | Update CLI module | ✅ | 2023-03-28 | Added endpoints option to cli.ts |
| E011 | Phase 2 | Update main script | ✅ | 2023-03-28 | Modified openapi-gen.ts to handle new endpoints option |
| E012 | Phase 3 | Fix TypeScript errors in parser | ✅ | 2023-03-28 | Added proper type assertions for pathItem and operation objects |
| E013 | Phase 3 | Implement schema to field conversion | ✅ | 2023-03-28 | Added schemaToApiField function to convert OpenAPI schemas to ApiField objects |
| E014 | Phase 3 | Add support for nested objects | ✅ | 2023-03-28 | Implemented recursive parsing of nested object and array schemas |
| E015 | Phase 3 | Handle enum types | ✅ | 2023-03-28 | Added createEnumOptions function to process enum values |
| E016 | Phase 3 | Process request body schemas | ✅ | 2023-03-28 | Added logic to extract and convert request body schemas |
| E017 | Phase 3 | Process path and query parameters | ✅ | 2023-03-28 | Added support for extracting path and query parameters | 